<?xml version="1.0" encoding="UTF-8"?>
<!-- Generated by org.testng.reporters.JUnitReportReporter -->
<testsuite hostname="user-PC" failures="0" tests="3" name="testNg.TestNgBasics" time="0.000" errors="0" timestamp="2019-11-14T18:59:35 IST" skipped="0">
  <testcase classname="testNg.TestNgBasics" name="googleLogoTest" time="0.000"/>
  <testcase classname="testNg.TestNgBasics" name="searchTest" time="0.000"/>
  <testcase classname="testNg.TestNgBasics" name="googleTitleTest" time="0.000"/>
</testsuite> <!-- testNg.TestNgBasics -->
