<?xml version="1.0" encoding="UTF-8"?>
<!-- Generated by org.testng.reporters.JUnitReportReporter -->
<testsuite hostname="user-PC" failures="0" tests="3" name="com.test.TestNgBasics" time="0.017" errors="0" timestamp="2019-11-14T14:13:54 IST" skipped="0">
  <testcase classname="com.test.TestNgBasics" name="googleLogoTest" time="0.013"/>
  <testcase classname="com.test.TestNgBasics" name="searchTest" time="0.002"/>
  <testcase classname="com.test.TestNgBasics" name="googleTitleTest" time="0.002"/>
</testsuite> <!-- com.test.TestNgBasics -->
