<?xml version="1.0" encoding="UTF-8"?>
<!-- Generated by org.testng.reporters.JUnitReportReporter -->
<testsuite hostname="user-PC" failures="0" tests="10" name="testNg.InvocationCountTest" time="0.115" errors="0" timestamp="2019-11-14T18:59:35 IST" skipped="0">
  <testcase classname="testNg.InvocationCountTest" name="sum" time="0.000"/>
  <testcase classname="testNg.InvocationCountTest" name="sum" time="0.000"/>
  <testcase classname="testNg.InvocationCountTest" name="sum" time="0.000"/>
  <testcase classname="testNg.InvocationCountTest" name="sum" time="0.000"/>
  <testcase classname="testNg.InvocationCountTest" name="sum" time="0.000"/>
  <testcase classname="testNg.InvocationCountTest" name="sum" time="0.000"/>
  <testcase classname="testNg.InvocationCountTest" name="sum" time="0.115"/>
  <testcase classname="testNg.InvocationCountTest" name="sum" time="0.000"/>
  <testcase classname="testNg.InvocationCountTest" name="sum" time="0.000"/>
  <testcase classname="testNg.InvocationCountTest" name="sum" time="0.000"/>
</testsuite> <!-- testNg.InvocationCountTest -->
