<?xml version="1.0" encoding="UTF-8"?>
<!-- Generated by org.testng.reporters.JUnitReportReporter -->
<testsuite hostname="user-PC" failures="0" tests="6" name="com.test.GoogleTest" time="33.662" errors="0" timestamp="2019-11-14T16:25:46 IST" skipped="0">
  <testcase classname="com.test.GoogleTest" name="googleTitleTest" time="5.496"/>
  <testcase classname="com.test.GoogleTest" name="googleLogoTest" time="5.557"/>
  <testcase classname="com.test.GoogleTest" name="mailLinkTest" time="6.268"/>
  <testcase classname="com.test.GoogleTest" name="test1" time="5.533"/>
  <testcase classname="com.test.GoogleTest" name="test2" time="5.556"/>
  <testcase classname="com.test.GoogleTest" name="test3" time="5.252"/>
</testsuite> <!-- com.test.GoogleTest -->
